<?xml version="1.0" encoding="UTF-8"?>
<testsuite xmlns:xsi="http://www.w3.org/2001/XMLSchema-instance" xsi:noNamespaceSchemaLocation="https://maven.apache.org/surefire/maven-surefire-plugin/xsd/surefire-test-report.xsd" name="com.assignment1.main.CSVHandlerTest" time="0.03" tests="4" errors="0" skipped="0" failures="0">
  <properties>
[...]
</properties>
  <testcase name="blankHeaderCsv" classname="com.assignment1.main.CSVHandlerTest" time="0.012"/>
  <testcase name="testCsvIntoList" classname="com.assignment1.main.CSVHandlerTest" time="0.001"/>
  <testcase name="whiteSpaceCsv" classname="com.assignment1.main.CSVHandlerTest" time="0.002"/>
  <testcase name="testEmptyCsv" classname="com.assignment1.main.CSVHandlerTest" time="0.001"/>
</testsuite>